<?xml version='1.0' encoding='UTF-8'?>
<testsuite hostname="ROG-marcus" name="TestsFiltreU" tests="6" errors="0" failures="0" skipped="0" time="0.006" timestamp="2023-03-03T21:51:14">
          <properties>
[...]
</properties>
          <testcase classname="TestsFiltreU" name="Test2_filtreAnnonce" time="0.006">
                      
                    </testcase><testcase classname="TestsFiltreU" name="Test3_filtreAnnonce" time="0.0">
                      
                    </testcase><testcase classname="TestsFiltreU" name="Test1_liensPages" time="0.0">
                      
                    </testcase><testcase classname="TestsFiltreU" name="Test2_liensPages" time="0.0">
                      
                    </testcase><testcase classname="TestsFiltreU" name="Test3_liensPages" time="0.0">
                      
                    </testcase><testcase classname="TestsFiltreU" name="Test1_filtreAnnonce" time="0.0">
                      
                    </testcase>
          <system-out><![CDATA[]]></system-out>
          <system-err><![CDATA[]]></system-err>
        </testsuite>